Analysis & Synthesis report for CHRIST
Thu Jan  2 18:29:31 2025
Quartus Prime Version 23.1std.0 Build 991 11/28/2023 SC Lite Edition


---------------------
; Table of Contents ;
---------------------
  1. Legal Notice
  2. Analysis & Synthesis Summary
  3. Analysis & Synthesis Settings
  4. Parallel Compilation
  5. Analysis & Synthesis Source Files Read
  6. Analysis & Synthesis Resource Usage Summary
  7. Analysis & Synthesis Resource Utilization by Entity
  8. General Register Statistics
  9. Port Connectivity Checks: "Adder_16b:Incrementer"
 10. Post-Synthesis Netlist Statistics for Top Partition
 11. Elapsed Time Per Partition
 12. Analysis & Synthesis Messages



----------------
; Legal Notice ;
----------------
Copyright (C) 2023  Intel Corporation. All rights reserved.
Your use of Intel Corporation's design tools, logic functions 
and other software and tools, and any partner logic 
functions, and any output files from any of the foregoing 
(including device programming or simulation files), and any 
associated documentation or information are expressly subject 
to the terms and conditions of the Intel Program License 
Subscription Agreement, the Intel Quartus Prime License Agreement,
the Intel FPGA IP License Agreement, or other applicable license
agreement, including, without limitation, that your use is for
the sole purpose of programming logic devices manufactured by
Intel and sold by Intel or its authorized distributors.  Please
refer to the applicable agreement for further details, at
https://fpgasoftware.intel.com/eula.



+-------------------------------------------------------------------------------------+
; Analysis & Synthesis Summary                                                        ;
+------------------------------------+------------------------------------------------+
; Analysis & Synthesis Status        ; Successful - Thu Jan  2 18:29:31 2025          ;
; Quartus Prime Version              ; 23.1std.0 Build 991 11/28/2023 SC Lite Edition ;
; Revision Name                      ; CHRIST                                         ;
; Top-level Entity Name              ; CHRIST                                         ;
; Family                             ; Cyclone IV E                                   ;
; Total logic elements               ; 0                                              ;
;     Total combinational functions  ; 0                                              ;
;     Dedicated logic registers      ; 0                                              ;
; Total registers                    ; 0                                              ;
; Total pins                         ; 1                                              ;
; Total virtual pins                 ; 0                                              ;
; Total memory bits                  ; 0                                              ;
; Embedded Multiplier 9-bit elements ; 0                                              ;
; Total PLLs                         ; 0                                              ;
+------------------------------------+------------------------------------------------+


+------------------------------------------------------------------------------------------------------------+
; Analysis & Synthesis Settings                                                                              ;
+------------------------------------------------------------------+--------------------+--------------------+
; Option                                                           ; Setting            ; Default Value      ;
+------------------------------------------------------------------+--------------------+--------------------+
; Top-level entity name                                            ; CHRIST             ; CHRIST             ;
; Family name                                                      ; Cyclone IV E       ; Cyclone V          ;
; Use smart compilation                                            ; Off                ; Off                ;
; Enable parallel Assembler and Timing Analyzer during compilation ; On                 ; On                 ;
; Enable compact report table                                      ; Off                ; Off                ;
; Restructure Multiplexers                                         ; Auto               ; Auto               ;
; Create Debugging Nodes for IP Cores                              ; Off                ; Off                ;
; Preserve fewer node names                                        ; On                 ; On                 ;
; Intel FPGA IP Evaluation Mode                                    ; Enable             ; Enable             ;
; Verilog Version                                                  ; Verilog_2001       ; Verilog_2001       ;
; VHDL Version                                                     ; VHDL_1993          ; VHDL_1993          ;
; State Machine Processing                                         ; Auto               ; Auto               ;
; Safe State Machine                                               ; Off                ; Off                ;
; Extract Verilog State Machines                                   ; On                 ; On                 ;
; Extract VHDL State Machines                                      ; On                 ; On                 ;
; Ignore Verilog initial constructs                                ; Off                ; Off                ;
; Iteration limit for constant Verilog loops                       ; 5000               ; 5000               ;
; Iteration limit for non-constant Verilog loops                   ; 250                ; 250                ;
; Add Pass-Through Logic to Inferred RAMs                          ; On                 ; On                 ;
; Infer RAMs from Raw Logic                                        ; On                 ; On                 ;
; Parallel Synthesis                                               ; On                 ; On                 ;
; DSP Block Balancing                                              ; Auto               ; Auto               ;
; NOT Gate Push-Back                                               ; On                 ; On                 ;
; Power-Up Don't Care                                              ; On                 ; On                 ;
; Remove Redundant Logic Cells                                     ; Off                ; Off                ;
; Remove Duplicate Registers                                       ; On                 ; On                 ;
; Ignore CARRY Buffers                                             ; Off                ; Off                ;
; Ignore CASCADE Buffers                                           ; Off                ; Off                ;
; Ignore GLOBAL Buffers                                            ; Off                ; Off                ;
; Ignore ROW GLOBAL Buffers                                        ; Off                ; Off                ;
; Ignore LCELL Buffers                                             ; Off                ; Off                ;
; Ignore SOFT Buffers                                              ; On                 ; On                 ;
; Limit AHDL Integers to 32 Bits                                   ; Off                ; Off                ;
; Optimization Technique                                           ; Balanced           ; Balanced           ;
; Carry Chain Length                                               ; 70                 ; 70                 ;
; Auto Carry Chains                                                ; On                 ; On                 ;
; Auto Open-Drain Pins                                             ; On                 ; On                 ;
; Perform WYSIWYG Primitive Resynthesis                            ; Off                ; Off                ;
; Auto ROM Replacement                                             ; On                 ; On                 ;
; Auto RAM Replacement                                             ; On                 ; On                 ;
; Auto DSP Block Replacement                                       ; On                 ; On                 ;
; Auto Shift Register Replacement                                  ; Auto               ; Auto               ;
; Allow Shift Register Merging across Hierarchies                  ; Auto               ; Auto               ;
; Auto Clock Enable Replacement                                    ; On                 ; On                 ;
; Strict RAM Replacement                                           ; Off                ; Off                ;
; Allow Synchronous Control Signals                                ; On                 ; On                 ;
; Force Use of Synchronous Clear Signals                           ; Off                ; Off                ;
; Auto RAM Block Balancing                                         ; On                 ; On                 ;
; Auto RAM to Logic Cell Conversion                                ; Off                ; Off                ;
; Auto Resource Sharing                                            ; Off                ; Off                ;
; Allow Any RAM Size For Recognition                               ; Off                ; Off                ;
; Allow Any ROM Size For Recognition                               ; Off                ; Off                ;
; Allow Any Shift Register Size For Recognition                    ; Off                ; Off                ;
; Use LogicLock Constraints during Resource Balancing              ; On                 ; On                 ;
; Ignore translate_off and synthesis_off directives                ; Off                ; Off                ;
; Timing-Driven Synthesis                                          ; On                 ; On                 ;
; Report Parameter Settings                                        ; On                 ; On                 ;
; Report Source Assignments                                        ; On                 ; On                 ;
; Report Connectivity Checks                                       ; On                 ; On                 ;
; Ignore Maximum Fan-Out Assignments                               ; Off                ; Off                ;
; Synchronization Register Chain Length                            ; 2                  ; 2                  ;
; Power Optimization During Synthesis                              ; Normal compilation ; Normal compilation ;
; HDL message level                                                ; Level2             ; Level2             ;
; Suppress Register Optimization Related Messages                  ; Off                ; Off                ;
; Number of Removed Registers Reported in Synthesis Report         ; 5000               ; 5000               ;
; Number of Swept Nodes Reported in Synthesis Report               ; 5000               ; 5000               ;
; Number of Inverted Registers Reported in Synthesis Report        ; 100                ; 100                ;
; Clock MUX Protection                                             ; On                 ; On                 ;
; Auto Gated Clock Conversion                                      ; Off                ; Off                ;
; Block Design Naming                                              ; Auto               ; Auto               ;
; SDC constraint protection                                        ; Off                ; Off                ;
; Synthesis Effort                                                 ; Auto               ; Auto               ;
; Shift Register Replacement - Allow Asynchronous Clear Signal     ; On                 ; On                 ;
; Pre-Mapping Resynthesis Optimization                             ; Off                ; Off                ;
; Analysis & Synthesis Message Level                               ; Medium             ; Medium             ;
; Disable Register Merging Across Hierarchies                      ; Auto               ; Auto               ;
; Resource Aware Inference For Block RAM                           ; On                 ; On                 ;
+------------------------------------------------------------------+--------------------+--------------------+


+------------------------------------------+
; Parallel Compilation                     ;
+----------------------------+-------------+
; Processors                 ; Number      ;
+----------------------------+-------------+
; Number detected on machine ; 16          ;
; Maximum allowed            ; 16          ;
;                            ;             ;
; Average used               ; 1.00        ;
; Maximum used               ; 1           ;
;                            ;             ;
; Usage by Processor         ; % Time Used ;
;     Processor 1            ; 100.0%      ;
+----------------------------+-------------+


+------------------------------------------------------------------------------------------------------------------------------------------------+
; Analysis & Synthesis Source Files Read                                                                                                         ;
+----------------------------------+-----------------+-----------------------+---------------------------------------------------------+---------+
; File Name with User-Entered Path ; Used in Netlist ; File Type             ; File Name with Absolute Path                            ; Library ;
+----------------------------------+-----------------+-----------------------+---------------------------------------------------------+---------+
; CHRIST.vhd                       ; yes             ; User VHDL File        ; /home/icarob-eng/Projects/christ/CHRIST/CHRIST.vhd      ;         ;
; ControlUnit.vhd                  ; yes             ; Auto-Found VHDL File  ; /home/icarob-eng/Projects/christ/CHRIST/ControlUnit.vhd ;         ;
; Reg_16b.vhd                      ; yes             ; Auto-Found VHDL File  ; /home/icarob-eng/Projects/christ/CHRIST/Reg_16b.vhd     ;         ;
; adder_16b.vhd                    ; yes             ; Auto-Found VHDL File  ; /home/icarob-eng/Projects/christ/CHRIST/adder_16b.vhd   ;         ;
; Mux2x1_16b.vhd                   ; yes             ; Auto-Found VHDL File  ; /home/icarob-eng/Projects/christ/CHRIST/Mux2x1_16b.vhd  ;         ;
; cache.vhd                        ; yes             ; Auto-Found VHDL File  ; /home/icarob-eng/Projects/christ/CHRIST/cache.vhd       ;         ;
; mem.vhd                          ; yes             ; Auto-Found VHDL File  ; /home/icarob-eng/Projects/christ/CHRIST/mem.vhd         ;         ;
; pers.vhd                         ; yes             ; Auto-Found VHDL File  ; /home/icarob-eng/Projects/christ/CHRIST/pers.vhd        ;         ;
; RF.vhd                           ; yes             ; Auto-Found VHDL File  ; /home/icarob-eng/Projects/christ/CHRIST/RF.vhd          ;         ;
; ALU.vhd                          ; yes             ; Auto-Found VHDL File  ; /home/icarob-eng/Projects/christ/CHRIST/ALU.vhd         ;         ;
+----------------------------------+-----------------+-----------------------+---------------------------------------------------------+---------+


+-----------------------------------------------------+
; Analysis & Synthesis Resource Usage Summary         ;
+---------------------------------------------+-------+
; Resource                                    ; Usage ;
+---------------------------------------------+-------+
;                                             ;       ;
; Total combinational functions               ; 0     ;
; Logic element usage by number of LUT inputs ;       ;
;     -- 4 input functions                    ; 0     ;
;     -- 3 input functions                    ; 0     ;
;     -- <=2 input functions                  ; 0     ;
;                                             ;       ;
; Logic elements by mode                      ;       ;
;     -- normal mode                          ; 0     ;
;     -- arithmetic mode                      ; 0     ;
;                                             ;       ;
; Total registers                             ; 0     ;
;     -- Dedicated logic registers            ; 0     ;
;     -- I/O registers                        ; 0     ;
;                                             ;       ;
; I/O pins                                    ; 1     ;
;                                             ;       ;
; Embedded Multiplier 9-bit elements          ; 0     ;
;                                             ;       ;
; Maximum fan-out node                        ; clk   ;
; Maximum fan-out                             ; 1     ;
; Total fan-out                               ; 1     ;
; Average fan-out                             ; 0.50  ;
+---------------------------------------------+-------+


+----------------------------------------------------------------------------------------------------------------------------------------------------------------------------------------------------------+
; Analysis & Synthesis Resource Utilization by Entity                                                                                                                                                      ;
+----------------------------+---------------------+---------------------------+-------------+--------------+---------+-----------+------+--------------+---------------------+-------------+--------------+
; Compilation Hierarchy Node ; Combinational ALUTs ; Dedicated Logic Registers ; Memory Bits ; DSP Elements ; DSP 9x9 ; DSP 18x18 ; Pins ; Virtual Pins ; Full Hierarchy Name ; Entity Name ; Library Name ;
+----------------------------+---------------------+---------------------------+-------------+--------------+---------+-----------+------+--------------+---------------------+-------------+--------------+
; |CHRIST                    ; 0 (0)               ; 0 (0)                     ; 0           ; 0            ; 0       ; 0         ; 1    ; 0            ; |CHRIST             ; CHRIST      ; work         ;
+----------------------------+---------------------+---------------------------+-------------+--------------+---------+-----------+------+--------------+---------------------+-------------+--------------+
Note: For table entries with two numbers listed, the numbers in parentheses indicate the number of resources of the given type used by the specific entity alone. The numbers listed outside of parentheses indicate the total resources of the given type used by the specific entity and all of its sub-entities in the hierarchy.


+------------------------------------------------------+
; General Register Statistics                          ;
+----------------------------------------------+-------+
; Statistic                                    ; Value ;
+----------------------------------------------+-------+
; Total registers                              ; 0     ;
; Number of registers using Synchronous Clear  ; 0     ;
; Number of registers using Synchronous Load   ; 0     ;
; Number of registers using Asynchronous Clear ; 0     ;
; Number of registers using Asynchronous Load  ; 0     ;
; Number of registers using Clock Enable       ; 0     ;
; Number of registers using Preset             ; 0     ;
+----------------------------------------------+-------+


+----------------------------------------------------------------------------------------------------------------+
; Port Connectivity Checks: "Adder_16b:Incrementer"                                                              ;
+------+--------+----------+-------------------------------------------------------------------------------------+
; Port ; Type   ; Severity ; Details                                                                             ;
+------+--------+----------+-------------------------------------------------------------------------------------+
; b    ; Input  ; Info     ; Stuck at GND                                                                        ;
; cin  ; Input  ; Info     ; Stuck at VCC                                                                        ;
; cout ; Output ; Info     ; Connected to dangling logic. Logic that only feeds a dangling port will be removed. ;
+------+--------+----------+-------------------------------------------------------------------------------------+


+-----------------------------------------------------+
; Post-Synthesis Netlist Statistics for Top Partition ;
+-------------------+---------------------------------+
; Type              ; Count                           ;
+-------------------+---------------------------------+
; boundary_port     ; 1                               ;
;                   ;                                 ;
; Max LUT depth     ; 0.00                            ;
; Average LUT depth ; 0.00                            ;
+-------------------+---------------------------------+


+-------------------------------+
; Elapsed Time Per Partition    ;
+----------------+--------------+
; Partition Name ; Elapsed Time ;
+----------------+--------------+
; Top            ; 00:00:00     ;
+----------------+--------------+


+-------------------------------+
; Analysis & Synthesis Messages ;
+-------------------------------+
Info: *******************************************************************
Info: Running Quartus Prime Analysis & Synthesis
    Info: Version 23.1std.0 Build 991 11/28/2023 SC Lite Edition
    Info: Processing started: Thu Jan  2 18:29:17 2025
Info: Command: quartus_map --read_settings_files=on --write_settings_files=off CHRIST -c CHRIST
Warning (18236): Number of processors has not been specified which may cause overloading on shared machines.  Set the global assignment NUM_PARALLEL_PROCESSORS in your QSF to an appropriate value for best performance.
Info (20030): Parallel compilation is enabled and will use 16 of the 16 processors detected
Info (12021): Found 2 design units, including 1 entities, in source file CHRIST.vhd
    Info (12022): Found design unit 1: CHRIST-behav File: /home/icarob-eng/Projects/christ/CHRIST/CHRIST.vhd Line: 5
    Info (12023): Found entity 1: CHRIST File: /home/icarob-eng/Projects/christ/CHRIST/CHRIST.vhd Line: 1
Info (12127): Elaborating entity "CHRIST" for the top level hierarchy
Warning (12125): Using design file ControlUnit.vhd, which is not specified as a design file for the current project, but contains definitions for 2 design units and 1 entities in project
    Info (12022): Found design unit 1: ControlUnit-behav File: /home/icarob-eng/Projects/christ/CHRIST/ControlUnit.vhd Line: 19
    Info (12023): Found entity 1: ControlUnit File: /home/icarob-eng/Projects/christ/CHRIST/ControlUnit.vhd Line: 1
Info (12128): Elaborating entity "ControlUnit" for hierarchy "ControlUnit:ControlUnit1" File: /home/icarob-eng/Projects/christ/CHRIST/CHRIST.vhd Line: 108
Warning (10541): VHDL Signal Declaration warning at ControlUnit.vhd(3): used implicit default value for signal "alu_ops" because signal was never assigned a value or an explicit default value. Use of implicit default value may introduce unintended design optimizations. File: /home/icarob-eng/Projects/christ/CHRIST/ControlUnit.vhd Line: 3
Warning (10541): VHDL Signal Declaration warning at ControlUnit.vhd(5): used implicit default value for signal "rf_read_a" because signal was never assigned a value or an explicit default value. Use of implicit default value may introduce unintended design optimizations. File: /home/icarob-eng/Projects/christ/CHRIST/ControlUnit.vhd Line: 5
Warning (10541): VHDL Signal Declaration warning at ControlUnit.vhd(5): used implicit default value for signal "rf_read_b" because signal was never assigned a value or an explicit default value. Use of implicit default value may introduce unintended design optimizations. File: /home/icarob-eng/Projects/christ/CHRIST/ControlUnit.vhd Line: 5
Warning (10541): VHDL Signal Declaration warning at ControlUnit.vhd(5): used implicit default value for signal "rf_write" because signal was never assigned a value or an explicit default value. Use of implicit default value may introduce unintended design optimizations. File: /home/icarob-eng/Projects/christ/CHRIST/ControlUnit.vhd Line: 5
Warning (10541): VHDL Signal Declaration warning at ControlUnit.vhd(6): used implicit default value for signal "cache_r" because signal was never assigned a value or an explicit default value. Use of implicit default value may introduce unintended design optimizations. File: /home/icarob-eng/Projects/christ/CHRIST/ControlUnit.vhd Line: 6
Warning (10541): VHDL Signal Declaration warning at ControlUnit.vhd(6): used implicit default value for signal "mem_r" because signal was never assigned a value or an explicit default value. Use of implicit default value may introduce unintended design optimizations. File: /home/icarob-eng/Projects/christ/CHRIST/ControlUnit.vhd Line: 6
Warning (10541): VHDL Signal Declaration warning at ControlUnit.vhd(6): used implicit default value for signal "pers_r" because signal was never assigned a value or an explicit default value. Use of implicit default value may introduce unintended design optimizations. File: /home/icarob-eng/Projects/christ/CHRIST/ControlUnit.vhd Line: 6
Warning (10541): VHDL Signal Declaration warning at ControlUnit.vhd(7): used implicit default value for signal "cache_w" because signal was never assigned a value or an explicit default value. Use of implicit default value may introduce unintended design optimizations. File: /home/icarob-eng/Projects/christ/CHRIST/ControlUnit.vhd Line: 7
Warning (10541): VHDL Signal Declaration warning at ControlUnit.vhd(7): used implicit default value for signal "mem_w" because signal was never assigned a value or an explicit default value. Use of implicit default value may introduce unintended design optimizations. File: /home/icarob-eng/Projects/christ/CHRIST/ControlUnit.vhd Line: 7
Warning (10541): VHDL Signal Declaration warning at ControlUnit.vhd(7): used implicit default value for signal "pers_w" because signal was never assigned a value or an explicit default value. Use of implicit default value may introduce unintended design optimizations. File: /home/icarob-eng/Projects/christ/CHRIST/ControlUnit.vhd Line: 7
Warning (10541): VHDL Signal Declaration warning at ControlUnit.vhd(8): used implicit default value for signal "cache_addr" because signal was never assigned a value or an explicit default value. Use of implicit default value may introduce unintended design optimizations. File: /home/icarob-eng/Projects/christ/CHRIST/ControlUnit.vhd Line: 8
Warning (10541): VHDL Signal Declaration warning at ControlUnit.vhd(9): used implicit default value for signal "mem_addr" because signal was never assigned a value or an explicit default value. Use of implicit default value may introduce unintended design optimizations. File: /home/icarob-eng/Projects/christ/CHRIST/ControlUnit.vhd Line: 9
Warning (10541): VHDL Signal Declaration warning at ControlUnit.vhd(10): used implicit default value for signal "pers_addr" because signal was never assigned a value or an explicit default value. Use of implicit default value may introduce unintended design optimizations. File: /home/icarob-eng/Projects/christ/CHRIST/ControlUnit.vhd Line: 10
Warning (10541): VHDL Signal Declaration warning at ControlUnit.vhd(12): used implicit default value for signal "pc_overwrite" because signal was never assigned a value or an explicit default value. Use of implicit default value may introduce unintended design optimizations. File: /home/icarob-eng/Projects/christ/CHRIST/ControlUnit.vhd Line: 12
Warning (10541): VHDL Signal Declaration warning at ControlUnit.vhd(13): used implicit default value for signal "exec_en" because signal was never assigned a value or an explicit default value. Use of implicit default value may introduce unintended design optimizations. File: /home/icarob-eng/Projects/christ/CHRIST/ControlUnit.vhd Line: 13
Warning (10541): VHDL Signal Declaration warning at ControlUnit.vhd(13): used implicit default value for signal "fetch_en" because signal was never assigned a value or an explicit default value. Use of implicit default value may introduce unintended design optimizations. File: /home/icarob-eng/Projects/christ/CHRIST/ControlUnit.vhd Line: 13
Warning (10541): VHDL Signal Declaration warning at ControlUnit.vhd(14): used implicit default value for signal "no_up" because signal was never assigned a value or an explicit default value. Use of implicit default value may introduce unintended design optimizations. File: /home/icarob-eng/Projects/christ/CHRIST/ControlUnit.vhd Line: 14
Warning (10541): VHDL Signal Declaration warning at ControlUnit.vhd(14): used implicit default value for signal "mux_bus_ctrl" because signal was never assigned a value or an explicit default value. Use of implicit default value may introduce unintended design optimizations. File: /home/icarob-eng/Projects/christ/CHRIST/ControlUnit.vhd Line: 14
Warning (12125): Using design file Reg_16b.vhd, which is not specified as a design file for the current project, but contains definitions for 2 design units and 1 entities in project
    Info (12022): Found design unit 1: Reg_16b-behav File: /home/icarob-eng/Projects/christ/CHRIST/Reg_16b.vhd Line: 10
    Info (12023): Found entity 1: Reg_16b File: /home/icarob-eng/Projects/christ/CHRIST/Reg_16b.vhd Line: 1
Info (12128): Elaborating entity "Reg_16b" for hierarchy "Reg_16b:IR" File: /home/icarob-eng/Projects/christ/CHRIST/CHRIST.vhd Line: 120
Warning (10541): VHDL Signal Declaration warning at Reg_16b.vhd(4): used implicit default value for signal "output" because signal was never assigned a value or an explicit default value. Use of implicit default value may introduce unintended design optimizations. File: /home/icarob-eng/Projects/christ/CHRIST/Reg_16b.vhd Line: 4
Warning (12125): Using design file adder_16b.vhd, which is not specified as a design file for the current project, but contains definitions for 2 design units and 1 entities in project
    Info (12022): Found design unit 1: Adder_16b-behav File: /home/icarob-eng/Projects/christ/CHRIST/adder_16b.vhd Line: 10
    Info (12023): Found entity 1: Adder_16b File: /home/icarob-eng/Projects/christ/CHRIST/adder_16b.vhd Line: 1
Info (12128): Elaborating entity "Adder_16b" for hierarchy "Adder_16b:Incrementer" File: /home/icarob-eng/Projects/christ/CHRIST/CHRIST.vhd Line: 121
Warning (10541): VHDL Signal Declaration warning at adder_16b.vhd(5): used implicit default value for signal "s" because signal was never assigned a value or an explicit default value. Use of implicit default value may introduce unintended design optimizations. File: /home/icarob-eng/Projects/christ/CHRIST/adder_16b.vhd Line: 5
Warning (10541): VHDL Signal Declaration warning at adder_16b.vhd(6): used implicit default value for signal "cout" because signal was never assigned a value or an explicit default value. Use of implicit default value may introduce unintended design optimizations. File: /home/icarob-eng/Projects/christ/CHRIST/adder_16b.vhd Line: 6
Warning (12125): Using design file Mux2x1_16b.vhd, which is not specified as a design file for the current project, but contains definitions for 2 design units and 1 entities in project
    Info (12022): Found design unit 1: Mux2x1_16b-behav File: /home/icarob-eng/Projects/christ/CHRIST/Mux2x1_16b.vhd Line: 9
    Info (12023): Found entity 1: Mux2x1_16b File: /home/icarob-eng/Projects/christ/CHRIST/Mux2x1_16b.vhd Line: 1
Info (12128): Elaborating entity "Mux2x1_16b" for hierarchy "Mux2x1_16b:PCMux" File: /home/icarob-eng/Projects/christ/CHRIST/CHRIST.vhd Line: 122
Warning (10541): VHDL Signal Declaration warning at Mux2x1_16b.vhd(5): used implicit default value for signal "o" because signal was never assigned a value or an explicit default value. Use of implicit default value may introduce unintended design optimizations. File: /home/icarob-eng/Projects/christ/CHRIST/Mux2x1_16b.vhd Line: 5
Warning (12125): Using design file cache.vhd, which is not specified as a design file for the current project, but contains definitions for 2 design units and 1 entities in project
    Info (12022): Found design unit 1: Cache-behav File: /home/icarob-eng/Projects/christ/CHRIST/cache.vhd Line: 11
    Info (12023): Found entity 1: Cache File: /home/icarob-eng/Projects/christ/CHRIST/cache.vhd Line: 1
Info (12128): Elaborating entity "Cache" for hierarchy "Cache:Cache1" File: /home/icarob-eng/Projects/christ/CHRIST/CHRIST.vhd Line: 126
Warning (10541): VHDL Signal Declaration warning at cache.vhd(6): used implicit default value for signal "output" because signal was never assigned a value or an explicit default value. Use of implicit default value may introduce unintended design optimizations. File: /home/icarob-eng/Projects/christ/CHRIST/cache.vhd Line: 6
Warning (12125): Using design file mem.vhd, which is not specified as a design file for the current project, but contains definitions for 2 design units and 1 entities in project
    Info (12022): Found design unit 1: Mem-behav File: /home/icarob-eng/Projects/christ/CHRIST/mem.vhd Line: 11
    Info (12023): Found entity 1: Mem File: /home/icarob-eng/Projects/christ/CHRIST/mem.vhd Line: 1
Info (12128): Elaborating entity "Mem" for hierarchy "Mem:Mem1" File: /home/icarob-eng/Projects/christ/CHRIST/CHRIST.vhd Line: 127
Warning (10541): VHDL Signal Declaration warning at mem.vhd(6): used implicit default value for signal "output" because signal was never assigned a value or an explicit default value. Use of implicit default value may introduce unintended design optimizations. File: /home/icarob-eng/Projects/christ/CHRIST/mem.vhd Line: 6
Warning (12125): Using design file pers.vhd, which is not specified as a design file for the current project, but contains definitions for 2 design units and 1 entities in project
    Info (12022): Found design unit 1: PERS-behav File: /home/icarob-eng/Projects/christ/CHRIST/pers.vhd Line: 11
    Info (12023): Found entity 1: PERS File: /home/icarob-eng/Projects/christ/CHRIST/pers.vhd Line: 1
Info (12128): Elaborating entity "PERS" for hierarchy "PERS:PERS1" File: /home/icarob-eng/Projects/christ/CHRIST/CHRIST.vhd Line: 128
Warning (10541): VHDL Signal Declaration warning at pers.vhd(6): used implicit default value for signal "output" because signal was never assigned a value or an explicit default value. Use of implicit default value may introduce unintended design optimizations. File: /home/icarob-eng/Projects/christ/CHRIST/pers.vhd Line: 6
Warning (12125): Using design file RF.vhd, which is not specified as a design file for the current project, but contains definitions for 2 design units and 1 entities in project
    Info (12022): Found design unit 1: RF-behav File: /home/icarob-eng/Projects/christ/CHRIST/RF.vhd Line: 10
    Info (12023): Found entity 1: RF File: /home/icarob-eng/Projects/christ/CHRIST/RF.vhd Line: 1
Info (12128): Elaborating entity "RF" for hierarchy "RF:RF1" File: /home/icarob-eng/Projects/christ/CHRIST/CHRIST.vhd Line: 132
Warning (10541): VHDL Signal Declaration warning at RF.vhd(5): used implicit default value for signal "a_out" because signal was never assigned a value or an explicit default value. Use of implicit default value may introduce unintended design optimizations. File: /home/icarob-eng/Projects/christ/CHRIST/RF.vhd Line: 5
Warning (10541): VHDL Signal Declaration warning at RF.vhd(5): used implicit default value for signal "b_out" because signal was never assigned a value or an explicit default value. Use of implicit default value may introduce unintended design optimizations. File: /home/icarob-eng/Projects/christ/CHRIST/RF.vhd Line: 5
Warning (12125): Using design file ALU.vhd, which is not specified as a design file for the current project, but contains definitions for 2 design units and 1 entities in project
    Info (12022): Found design unit 1: ALU-behav File: /home/icarob-eng/Projects/christ/CHRIST/ALU.vhd Line: 10
    Info (12023): Found entity 1: ALU File: /home/icarob-eng/Projects/christ/CHRIST/ALU.vhd Line: 1
Info (12128): Elaborating entity "ALU" for hierarchy "ALU:ALU1" File: /home/icarob-eng/Projects/christ/CHRIST/CHRIST.vhd Line: 134
Warning (10541): VHDL Signal Declaration warning at ALU.vhd(5): used implicit default value for signal "flags" because signal was never assigned a value or an explicit default value. Use of implicit default value may introduce unintended design optimizations. File: /home/icarob-eng/Projects/christ/CHRIST/ALU.vhd Line: 5
Warning (10541): VHDL Signal Declaration warning at ALU.vhd(6): used implicit default value for signal "r" because signal was never assigned a value or an explicit default value. Use of implicit default value may introduce unintended design optimizations. File: /home/icarob-eng/Projects/christ/CHRIST/ALU.vhd Line: 6
Info (16010): Generating hard_block partition "hard_block:auto_generated_inst"
    Info (16011): Adding 0 node(s), including 0 DDIO, 0 PLL, 0 transceiver and 0 LCELL
Warning (21074): Design contains 1 input pin(s) that do not drive logic
    Warning (15610): No output dependent on input pin "clk" File: /home/icarob-eng/Projects/christ/CHRIST/CHRIST.vhd Line: 2
Info (21057): Implemented 1 device resources after synthesis - the final resource count might be different
    Info (21058): Implemented 1 input pins
    Info (21059): Implemented 0 output pins
Info: Quartus Prime Analysis & Synthesis was successful. 0 errors, 41 warnings
    Info: Peak virtual memory: 410 megabytes
    Info: Processing ended: Thu Jan  2 18:29:31 2025
    Info: Elapsed time: 00:00:14
    Info: Total CPU time (on all processors): 00:00:50


